# JRE version: Java(TM) SE Runtime Environment (22.0.1+8) (build 22.0.1+8-16)
# Java VM: Java HotSpot(TM) 64-Bit Server VM (22.0.1+8-16, mixed mode, sharing, tiered, compressed oops, compressed class ptrs, g1 gc, windows-amd64)
GC Precious Log:
 CardTable entry size: 512
 Card Set container configuration: InlinePtr #cards 5 size 8 Array Of Cards #cards 12 size 40 Howl #buckets 4 coarsen threshold 1843 Howl Bitmap #cards 512 size 80 coarsen threshold 460 Card regions per heap region 1 cards per card region 2048
 CPUs: 12 total, 12 available
 Memory: 7916M
 Large Page Support: Disabled
 NUMA Support: Disabled
 Compressed Oops: Enabled (32-bit)
 Heap Region Size: 1M
 Heap Min Capacity: 8M
 Heap Initial Capacity: 124M
 Heap Max Capacity: 1980M
 Pre-touch: Disabled
 Parallel Workers: 10
 Concurrent Workers: 3
 Concurrent Refinement Workers: 10
 Periodic GC: Disabled
Heap:
 garbage-first heap   total reserved 2027520K, committed 72704K, used 46173K [0x0000000084400000, 0x0000000100000000)
  region size 1024K, 15 young (15360K), 4 survivors (4096K)
 Metaspace       used 73467K, committed 74176K, reserved 1114112K
  class space    used 10046K, committed 10368K, reserved 1048576K
GC Heap History (20 events):
Event: 5.379 GC heap before
{Heap before GC invocations=5 (full 0):
 garbage-first heap   total reserved 2027520K, committed 60416K, used 46051K [0x0000000084400000, 0x0000000100000000)
  region size 1024K, 34 young (34816K), 6 survivors (6144K)
 Metaspace       used 29597K, committed 30080K, reserved 1114112K
  class space    used 3815K, committed 4032K, reserved 1048576K
}
Event: 5.392 GC heap after
{Heap after GC invocations=6 (full 0):
 garbage-first heap   total reserved 2027520K, committed 60416K, used 19767K [0x0000000084400000, 0x0000000100000000)
  region size 1024K, 5 young (5120K), 5 survivors (5120K)
 Metaspace       used 29597K, committed 30080K, reserved 1114112K
  class space    used 3815K, committed 4032K, reserved 1048576K
}
Event: 6.109 GC heap before
{Heap before GC invocations=6 (full 0):
 garbage-first heap   total reserved 2027520K, committed 60416K, used 49463K [0x0000000084400000, 0x0000000100000000)
  region size 1024K, 33 young (33792K), 5 survivors (5120K)
 Metaspace       used 34146K, committed 34688K, reserved 1114112K
  class space    used 4419K, committed 4672K, reserved 1048576K
}
Event: 6.114 GC heap after
{Heap after GC invocations=7 (full 0):
 garbage-first heap   total reserved 2027520K, committed 60416K, used 22288K [0x0000000084400000, 0x0000000100000000)
  region size 1024K, 5 young (5120K), 5 survivors (5120K)
 Metaspace       used 34146K, committed 34688K, reserved 1114112K
  class space    used 4419K, committed 4672K, reserved 1048576K
}
Event: 6.278 GC heap before
{Heap before GC invocations=7 (full 0):
 garbage-first heap   total reserved 2027520K, committed 60416K, used 27408K [0x0000000084400000, 0x0000000100000000)
  region size 1024K, 11 young (11264K), 5 survivors (5120K)
 Metaspace       used 35470K, committed 35968K, reserved 1114112K
  class space    used 4602K, committed 4864K, reserved 1048576K
}
Event: 6.282 GC heap after
{Heap after GC invocations=8 (full 0):
 garbage-first heap   total reserved 2027520K, committed 60416K, used 23257K [0x0000000084400000, 0x0000000100000000)
  region size 1024K, 1 young (1024K), 1 survivors (1024K)
 Metaspace       used 35470K, committed 35968K, reserved 1114112K
  class space    used 4602K, committed 4864K, reserved 1048576K
}
Event: 6.829 GC heap before
{Heap before GC invocations=9 (full 0):
 garbage-first heap   total reserved 2027520K, committed 60416K, used 51929K [0x0000000084400000, 0x0000000100000000)
  region size 1024K, 29 young (29696K), 1 survivors (1024K)
 Metaspace       used 42250K, committed 42816K, reserved 1114112K
  class space    used 5624K, committed 5888K, reserved 1048576K
}
Event: 6.832 GC heap after
{Heap after GC invocations=10 (full 0):
 garbage-first heap   total reserved 2027520K, committed 60416K, used 24355K [0x0000000084400000, 0x0000000100000000)
  region size 1024K, 3 young (3072K), 3 survivors (3072K)
 Metaspace       used 42250K, committed 42816K, reserved 1114112K
  class space    used 5624K, committed 5888K, reserved 1048576K
}
Event: 7.743 GC heap before
{Heap before GC invocations=10 (full 0):
 garbage-first heap   total reserved 2027520K, committed 60416K, used 50979K [0x0000000084400000, 0x0000000100000000)
  region size 1024K, 30 young (30720K), 3 survivors (3072K)
 Metaspace       used 50986K, committed 51520K, reserved 1114112K
  class space    used 6764K, committed 6976K, reserved 1048576K
}
Event: 7.748 GC heap after
{Heap after GC invocations=11 (full 0):
 garbage-first heap   total reserved 2027520K, committed 60416K, used 26274K [0x0000000084400000, 0x0000000100000000)
  region size 1024K, 4 young (4096K), 4 survivors (4096K)
 Metaspace       used 50986K, committed 51520K, reserved 1114112K
  class space    used 6764K, committed 6976K, reserved 1048576K
}
Event: 8.911 GC heap before
{Heap before GC invocations=11 (full 0):
 garbage-first heap   total reserved 2027520K, committed 60416K, used 50850K [0x0000000084400000, 0x0000000100000000)
  region size 1024K, 29 young (29696K), 4 survivors (4096K)
 Metaspace       used 57759K, committed 58368K, reserved 1114112K
  class space    used 7787K, committed 8064K, reserved 1048576K
}
Event: 8.915 GC heap after
{Heap after GC invocations=12 (full 0):
 garbage-first heap   total reserved 2027520K, committed 60416K, used 27703K [0x0000000084400000, 0x0000000100000000)
  region size 1024K, 4 young (4096K), 4 survivors (4096K)
 Metaspace       used 57759K, committed 58368K, reserved 1114112K
  class space    used 7787K, committed 8064K, reserved 1048576K
}
Event: 9.038 GC heap before
{Heap before GC invocations=12 (full 0):
 garbage-first heap   total reserved 2027520K, committed 60416K, used 33847K [0x0000000084400000, 0x0000000100000000)
  region size 1024K, 12 young (12288K), 4 survivors (4096K)
 Metaspace       used 59526K, committed 60096K, reserved 1114112K
  class space    used 8059K, committed 8320K, reserved 1048576K
}
Event: 9.042 GC heap after
{Heap after GC invocations=13 (full 0):
 garbage-first heap   total reserved 2027520K, committed 60416K, used 28031K [0x0000000084400000, 0x0000000100000000)
  region size 1024K, 2 young (2048K), 2 survivors (2048K)
 Metaspace       used 59526K, committed 60096K, reserved 1114112K
  class space    used 8059K, committed 8320K, reserved 1048576K
}
Event: 9.525 GC heap before
{Heap before GC invocations=14 (full 0):
 garbage-first heap   total reserved 2027520K, committed 60416K, used 52607K [0x0000000084400000, 0x0000000100000000)
  region size 1024K, 27 young (27648K), 2 survivors (2048K)
 Metaspace       used 64085K, committed 64768K, reserved 1114112K
  class space    used 8721K, committed 9024K, reserved 1048576K
}
Event: 9.528 GC heap after
{Heap after GC invocations=15 (full 0):
 garbage-first heap   total reserved 2027520K, committed 72704K, used 30085K [0x0000000084400000, 0x0000000100000000)
  region size 1024K, 4 young (4096K), 4 survivors (4096K)
 Metaspace       used 64085K, committed 64768K, reserved 1114112K
  class space    used 8721K, committed 9024K, reserved 1048576K
}
Event: 10.500 GC heap before
{Heap before GC invocations=15 (full 0):
 garbage-first heap   total reserved 2027520K, committed 72704K, used 62853K [0x0000000084400000, 0x0000000100000000)
  region size 1024K, 36 young (36864K), 4 survivors (4096K)
 Metaspace       used 67571K, committed 68352K, reserved 1114112K
  class space    used 9194K, committed 9536K, reserved 1048576K
}
Event: 10.506 GC heap after
{Heap after GC invocations=16 (full 0):
 garbage-first heap   total reserved 2027520K, committed 72704K, used 32190K [0x0000000084400000, 0x0000000100000000)
  region size 1024K, 5 young (5120K), 5 survivors (5120K)
 Metaspace       used 67571K, committed 68352K, reserved 1114112K
  class space    used 9194K, committed 9536K, reserved 1048576K
}
Event: 11.051 GC heap before
{Heap before GC invocations=16 (full 0):
 garbage-first heap   total reserved 2027520K, committed 72704K, used 61886K [0x0000000084400000, 0x0000000100000000)
  region size 1024K, 34 young (34816K), 5 survivors (5120K)
 Metaspace       used 71477K, committed 72192K, reserved 1114112K
  class space    used 9774K, committed 10112K, reserved 1048576K
}
Event: 11.057 GC heap after
{Heap after GC invocations=17 (full 0):
 garbage-first heap   total reserved 2027520K, committed 72704K, used 35933K [0x0000000084400000, 0x0000000100000000)
  region size 1024K, 4 young (4096K), 4 survivors (4096K)
 Metaspace       used 71477K, committed 72192K, reserved 1114112K
  class space    used 9774K, committed 10112K, reserved 1048576K
}

